2022-03-15T07:45:33+00:00 CRITICAL Uncaught Error: Call to undefined function ehuesDEV_jit_product_type_grades() in D:\laragon\www\allrec\wp-content\themes\twentytwentyone-child\woocommerce\single-product\title.php:26
Stack trace:
#0 D:\laragon\www\allrec\wp-content\plugins\woocommerce\includes\wc-core-functions.php(345): include()
#1 D:\laragon\www\allrec\wp-content\plugins\woocommerce\includes\wc-template-functions.php(1600): wc_get_template('single-product/...')
#2 D:\laragon\www\allrec\wp-includes\class-wp-hook.php(307): woocommerce_template_single_title('')
#3 D:\laragon\www\allrec\wp-includes\class-wp-hook.php(331): WP_Hook->apply_filters('', Array)
#4 D:\laragon\www\allrec\wp-includes\plugin.php(474): WP_Hook->do_action(Array)
#5 D:\laragon\www\allrec\wp-content\themes\twentytwentyone-child\woocommerce\content-single-product.php(61): do_action('woocommerce_sin...')
#6 D:\laragon\www\allrec\wp-includes\template.php(772): require('D:\\laragon\\www\\...')
#7 D:\laragon\www\allrec\wp-content\plugins\woocommerce\includes\wc-core-functions.ph in D:\laragon\www\allrec\wp-content\themes\twentytwentyone-child\woocommerce\single-product\title.php on line 26

2022-03-15T09:36:54+00:00 CRITICAL Uncaught Error: Call to undefined function ehuesDEV_jit_product_type_grades() in D:\laragon\www\allrec\wp-content\themes\twentytwentyone-child\woocommerce\single-product\title.php:26
Stack trace:
#0 D:\laragon\www\allrec\wp-content\plugins\woocommerce\includes\wc-core-functions.php(345): include()
#1 D:\laragon\www\allrec\wp-content\plugins\woocommerce\includes\wc-template-functions.php(1600): wc_get_template('single-product/...')
#2 D:\laragon\www\allrec\wp-includes\class-wp-hook.php(307): woocommerce_template_single_title('')
#3 D:\laragon\www\allrec\wp-includes\class-wp-hook.php(331): WP_Hook->apply_filters('', Array)
#4 D:\laragon\www\allrec\wp-includes\plugin.php(474): WP_Hook->do_action(Array)
#5 D:\laragon\www\allrec\wp-content\themes\twentytwentyone-child\woocommerce\content-single-product.php(61): do_action('woocommerce_sin...')
#6 D:\laragon\www\allrec\wp-includes\template.php(772): require('D:\\laragon\\www\\...')
#7 D:\laragon\www\allrec\wp-content\plugins\woocommerce\includes\wc-core-functions.ph in D:\laragon\www\allrec\wp-content\themes\twentytwentyone-child\woocommerce\single-product\title.php on line 26

2022-03-15T12:21:51+00:00 CRITICAL Uncaught Error: Call to undefined function ehuesDEV_jit_product_type_grades() in D:\laragon\www\allrec\wp-content\themes\twentytwentyone-child\woocommerce\single-product\title.php:26
Stack trace:
#0 D:\laragon\www\allrec\wp-content\plugins\woocommerce\includes\wc-core-functions.php(345): include()
#1 D:\laragon\www\allrec\wp-content\plugins\woocommerce\includes\wc-template-functions.php(1600): wc_get_template('single-product/...')
#2 D:\laragon\www\allrec\wp-includes\class-wp-hook.php(307): woocommerce_template_single_title('')
#3 D:\laragon\www\allrec\wp-includes\class-wp-hook.php(331): WP_Hook->apply_filters('', Array)
#4 D:\laragon\www\allrec\wp-includes\plugin.php(474): WP_Hook->do_action(Array)
#5 D:\laragon\www\allrec\wp-content\themes\twentytwentyone-child\woocommerce\content-single-product.php(61): do_action('woocommerce_sin...')
#6 D:\laragon\www\allrec\wp-includes\template.php(772): require('D:\\laragon\\www\\...')
#7 D:\laragon\www\allrec\wp-content\plugins\woocommerce\includes\wc-core-functions.ph in D:\laragon\www\allrec\wp-content\themes\twentytwentyone-child\woocommerce\single-product\title.php on line 26

