2022-03-01T07:29:19+00:00 CRITICAL Uncaught Error: Call to undefined function ehuesDEV_jit_product_type_grades() in D:\laragon\www\allrec\wp-content\themes\twentytwentyone-child\woocommerce\content-product.php:26
Stack trace:
#0 D:\laragon\www\allrec\wp-includes\template.php(772): require()
#1 D:\laragon\www\allrec\wp-content\plugins\woocommerce\includes\wc-core-functions.php(284): load_template('D:\\laragon\\www\\...', false)
#2 D:\laragon\www\allrec\wp-content\plugins\woocommerce\includes\shortcodes\class-wc-shortcode-products.php(660): wc_get_template_part('content', 'product')
#3 D:\laragon\www\allrec\wp-content\plugins\woocommerce\includes\shortcodes\class-wc-shortcode-products.php(100): WC_Shortcode_Products->product_loop()
#4 D:\laragon\www\allrec\wp-content\plugins\woocommerce\includes\class-wc-shortcodes.php(283): WC_Shortcode_Products->get_content()
#5 D:\laragon\www\allrec\wp-includes\shortcodes.php(356): WC_Shortcodes::products(Array, '', 'products')
#6 [internal function]: do_shortcode_tag(Array)
#7 D:\laragon\www\allrec\wp-includ in D:\laragon\www\allrec\wp-content\themes\twentytwentyone-child\woocommerce\content-product.php on line 26

2022-03-01T07:29:26+00:00 CRITICAL Uncaught Error: Call to undefined function ehuesDEV_jit_product_type_grades() in D:\laragon\www\allrec\wp-content\themes\twentytwentyone-child\woocommerce\content-product.php:26
Stack trace:
#0 D:\laragon\www\allrec\wp-includes\template.php(772): require()
#1 D:\laragon\www\allrec\wp-content\plugins\woocommerce\includes\wc-core-functions.php(284): load_template('D:\\laragon\\www\\...', false)
#2 D:\laragon\www\allrec\wp-content\plugins\woocommerce\includes\shortcodes\class-wc-shortcode-products.php(660): wc_get_template_part('content', 'product')
#3 D:\laragon\www\allrec\wp-content\plugins\woocommerce\includes\shortcodes\class-wc-shortcode-products.php(100): WC_Shortcode_Products->product_loop()
#4 D:\laragon\www\allrec\wp-content\plugins\woocommerce\includes\class-wc-shortcodes.php(283): WC_Shortcode_Products->get_content()
#5 D:\laragon\www\allrec\wp-includes\shortcodes.php(356): WC_Shortcodes::products(Array, '', 'products')
#6 [internal function]: do_shortcode_tag(Array)
#7 D:\laragon\www\allrec\wp-includ in D:\laragon\www\allrec\wp-content\themes\twentytwentyone-child\woocommerce\content-product.php on line 26

2022-03-01T12:13:54+00:00 CRITICAL Uncaught Error: Call to undefined function woo_wallet() in D:\laragon\www\allrec\wp-content\themes\twentytwentyone-child\woocommerce\myaccount\navigation.php:24
Stack trace:
#0 D:\laragon\www\allrec\wp-content\plugins\woocommerce\includes\wc-core-functions.php(345): include()
#1 D:\laragon\www\allrec\wp-content\plugins\woocommerce\includes\wc-template-functions.php(3156): wc_get_template('myaccount/navig...')
#2 D:\laragon\www\allrec\wp-includes\class-wp-hook.php(307): woocommerce_account_navigation('')
#3 D:\laragon\www\allrec\wp-includes\class-wp-hook.php(331): WP_Hook->apply_filters('', Array)
#4 D:\laragon\www\allrec\wp-includes\plugin.php(474): WP_Hook->do_action(Array)
#5 D:\laragon\www\allrec\wp-content\themes\twentytwentyone-child\woocommerce\myaccount\my-account.php(25): do_action('woocommerce_acc...')
#6 D:\laragon\www\allrec\wp-content\plugins\woocommerce\includes\wc-core-functions.php(345): include('D:\\laragon\\www\\...')
#7 D:\laragon\www\allrec\wp-content\plugins\woocommerce\includes\shortcodes in D:\laragon\www\allrec\wp-content\themes\twentytwentyone-child\woocommerce\myaccount\navigation.php on line 24

2022-03-01T12:14:24+00:00 CRITICAL Uncaught Error: Call to undefined function woo_wallet() in D:\laragon\www\allrec\wp-content\themes\twentytwentyone-child\woocommerce\myaccount\navigation.php:24
Stack trace:
#0 D:\laragon\www\allrec\wp-content\plugins\woocommerce\includes\wc-core-functions.php(345): include()
#1 D:\laragon\www\allrec\wp-content\plugins\woocommerce\includes\wc-template-functions.php(3156): wc_get_template('myaccount/navig...')
#2 D:\laragon\www\allrec\wp-includes\class-wp-hook.php(307): woocommerce_account_navigation('')
#3 D:\laragon\www\allrec\wp-includes\class-wp-hook.php(331): WP_Hook->apply_filters('', Array)
#4 D:\laragon\www\allrec\wp-includes\plugin.php(474): WP_Hook->do_action(Array)
#5 D:\laragon\www\allrec\wp-content\themes\twentytwentyone-child\woocommerce\myaccount\my-account.php(25): do_action('woocommerce_acc...')
#6 D:\laragon\www\allrec\wp-content\plugins\woocommerce\includes\wc-core-functions.php(345): include('D:\\laragon\\www\\...')
#7 D:\laragon\www\allrec\wp-content\plugins\woocommerce\includes\shortcodes in D:\laragon\www\allrec\wp-content\themes\twentytwentyone-child\woocommerce\myaccount\navigation.php on line 24

2022-03-01T12:14:26+00:00 CRITICAL Uncaught Error: Call to undefined function woo_wallet() in D:\laragon\www\allrec\wp-content\themes\twentytwentyone-child\woocommerce\myaccount\navigation.php:24
Stack trace:
#0 D:\laragon\www\allrec\wp-content\plugins\woocommerce\includes\wc-core-functions.php(345): include()
#1 D:\laragon\www\allrec\wp-content\plugins\woocommerce\includes\wc-template-functions.php(3156): wc_get_template('myaccount/navig...')
#2 D:\laragon\www\allrec\wp-includes\class-wp-hook.php(307): woocommerce_account_navigation('')
#3 D:\laragon\www\allrec\wp-includes\class-wp-hook.php(331): WP_Hook->apply_filters('', Array)
#4 D:\laragon\www\allrec\wp-includes\plugin.php(474): WP_Hook->do_action(Array)
#5 D:\laragon\www\allrec\wp-content\themes\twentytwentyone-child\woocommerce\myaccount\my-account.php(25): do_action('woocommerce_acc...')
#6 D:\laragon\www\allrec\wp-content\plugins\woocommerce\includes\wc-core-functions.php(345): include('D:\\laragon\\www\\...')
#7 D:\laragon\www\allrec\wp-content\plugins\woocommerce\includes\shortcodes in D:\laragon\www\allrec\wp-content\themes\twentytwentyone-child\woocommerce\myaccount\navigation.php on line 24

